[    0.000000] Linux version 4.15.0-136-generic (buildd@lcy01-amd64-029) (gcc version 7.5.0 (Ubuntu 7.5.0-3ubuntu1~18.04)) #140-Ubuntu SMP Thu Jan 28 05:20:47 UTC 2021 (Ubuntu 4.15.0-136.140-generic 4.15.18)
[    0.000000] Command line: BOOT_IMAGE=/boot/vmlinuz-4.15.0-136-generic root=LABEL=cloudimg-rootfs ro console=tty1 console=ttyS0
[    0.000000] KERNEL supported cpus:
[    0.000000]   Intel GenuineIntel
[    0.000000]   AMD AuthenticAMD
[    0.000000]   Centaur CentaurHauls
[    0.000000] x86/fpu: Supporting XSAVE feature 0x001: 'x87 floating point registers'
[    0.000000] x86/fpu: Supporting XSAVE feature 0x002: 'SSE registers'
[    0.000000] x86/fpu: Supporting XSAVE feature 0x004: 'AVX registers'
[    0.000000] x86/fpu: xstate_offset[2]:  576, xstate_sizes[2]:  256
[    0.000000] x86/fpu: Enabled xstate features 0x7, context size is 832 bytes, using 'standard' format.
[    0.000000] e820: BIOS-provided physical RAM map:
[    0.000000] BIOS-e820: [mem 0x0000000000000000-0x000000000009fbff] usable
[    0.000000] BIOS-e820: [mem 0x000000000009fc00-0x000000000009ffff] reserved
[    0.000000] BIOS-e820: [mem 0x00000000000f0000-0x00000000000fffff] reserved
[    0.000000] BIOS-e820: [mem 0x0000000000100000-0x000000003ffeffff] usable
[    0.000000] BIOS-e820: [mem 0x000000003fff0000-0x000000003fffffff] ACPI data
[    0.000000] BIOS-e820: [mem 0x00000000fec00000-0x00000000fec00fff] reserved
[    0.000000] BIOS-e820: [mem 0x00000000fee00000-0x00000000fee00fff] reserved
[    0.000000] BIOS-e820: [mem 0x00000000fffc0000-0x00000000ffffffff] reserved
[    0.000000] NX (Execute Disable) protection: active
[    0.000000] SMBIOS 2.5 present.
[    0.000000] DMI: innotek GmbH VirtualBox/VirtualBox, BIOS VirtualBox 12/01/2006
[    0.000000] Hypervisor detected: KVM
[    0.000000] e820: last_pfn = 0x3fff0 max_arch_pfn = 0x400000000
[    0.000000] MTRR: Disabled
[    0.000000] x86/PAT: MTRRs disabled, skipping PAT initialization too.
[    0.000000] CPU MTRRs all blank - virtualized system.
[    0.00000] x86/PAT: Configuration [0-7]: WB  WT  UC- UC  WB  WT  UC- UC  
[    0.000000] found SMP MP-table at [mem 0x0009fff0-0x0009ffff]
[    0.000000] Scanning 1 areas for low memory corruption
[    0.000000] RAMDISK: [mem 0x35a63000-0x36d28fff]
[    0.000000] ACPI: Early table checksum verification disableed
[    0.000000] ACPI: RSDP 0x00000000000E0000 000024 (v02 VBOX  )
[    0.000000] ACPI: XSDT 0x000000003FFF0030 00003C (v01 VBOX   VBOXXSDT 00000001 ASL  00000061)
[    0.000000] ACPI: FACP 0x000000003FFF00F0 0000F4 (v04 VBOX   VBOXFACP 00000001 ASL  00000061)
[    0.000000] ACPI: DSDT 0x000000003FFF0470 0021FF (v02 VBOX   VBOXBIOS 00000002 INTL 20100528)
[    0.000000] ACPI: FACS 0x000000003FFF0200 000040
[    0.000000] ACPI: FACS 0x000000003FFF0200 000040
[    0.000000] ACPI: APIC 0x000000003FFF0240 00005C (v02 VBOX   VBOXAPIC 00000001 ASL  00000061)
[    0.000000] ACPI: SSDT 0x000000003FFF02A0 0001CC (v01 VBOX   VBOXCPUT 00000002 INTL 20100528)
[    0.000000] No NUMA configuration found
[    0.000000] Faking a node at [mem 0x0000000000000000-0x000000003ffeffff]
[    0.000000] NODE_DATA(0) allocated [mem 0x3ffc5000-0x3ffeffff]
[    0.000000] kvm-clock: cpu 0, msr 0:3ff44001, primary cpu clock
[    0.000000] kvm-clock: Using msrs 4b564d01 and 4b564d00
[    0.000000] kvm-clock: using sched offset of 6275405148 cycles
[    0.000000] clocksource: kvm-clock: mask: 0xffffffffffffffff max_cycles: 0x1cd42e4dffb, max_idle_ns: 881590591483 ns
[    0.000000] Zone ranges:
[    0.000000]   DMA      [mem 0x0000000000001000-0x0000000000ffffff]
[    0.000000]   DMA32    [mem 0x0000000001000000-0x000000003ffeffff]
[    0.000000]   Normal   empty
[    0.000000]   Device   empty
[    0.000000] Movable zone start for each node
[    0.000000] Early memory node ranges
[    0.000000]   node   0: [mem 0x0000000000001000-0x000000000009efff]
[    0.000000]   node   0: [mem 0x0000000000100000-0x000000003ffeffff]
[    0.000000] Reserved but unavailable: 98 pages
[    0.000000] Initmem setup node 0 [mem 0x0000000000001000-0x000000003ffeffff]
[    0.000000] ACPI: PM-Timer IO Port: 0x4008
[    0.000000] IOAPIC[0]: apic_id 2, version 32, address 0xfec00000, GSI 0-23
[    0.000000] ACPI: INT_SRC_OVR (bus 0 bus_irq 0 global_irq 2 dfl dfl)
[    0.000000] ACPI: INT_SRC_OVR (bus 0 bus_irq 9 global_irq 9 low level)
[    0.000000] Using ACPI (MADT) for SMP configuration information
[    0.000000] smpboot: Allowing 2 CPUs, 0 hotplug CPUs
[    0.000000] PM: Registered nosave memory: [mem 0x00000000-0x00000fff]
[    0.000000] PM: Registered nosave memory: [mem 0x0009f000-0x0009ffff]
[    0.000000] PM: Registered nosave memory: [mem 0x000a0000-0x000effff]
[    0.000000] PM: Registered nosave memory: [mem 0x000f0000-0x000fffff]
[    0.000000] e820: [mem 0x40000000-0xfebfffff] available for PCI devices
[    0.000000] Booting paravirtualized kernel on KVM
[    0.000000] clocksource: refined-jiffies: mask: 0xffffffff max_cycles: 0xffffffff, max_idle_ns: 7645519600211568 ns
[    0.000000] random: get_random_bytes called from start_kernel+0x99/0x500 with crng_init=0
[    0.000000] setup_percpu: NR_CPUS:8192 nr_cpumask_bits:2 nr_cpu_ids:2 nr_node_ids:1
[    0.000000] percpu: Embedded 45 pages/cpu s147456 r8192 d28672 u1048576
[    0.000000] PV qspinlock hash table entries: 256 (order: 0, 4096 bytes)
[    0.000000] Built 1 zonelists, mobility grouping on.  Total pages: 257913
[    0.000000] Policy zone: DMA32
[    0.000000] Kernel command line: BOOT_IMAGE=/boot/vmlinuz-4.15.0-136-generic root=LABEL=cloudimg-rootfs ro console=tty1 console=ttyS0
[    0.000000] Memory: 983020K/1048120K available (12300K kernel code, 2482K rwdata, 4276K rodata, 2440K init, 2724K bss, 65100K reserved, 0K cma-reserved)
[    0.000000] SLUB: HWalign=64, Order=0-3, MinObjects=0, CPUs=2, Nodes=1
[    0.000000] Kernel/User page tables isolation: enabled
[    0.000000] ftrace: allocating 39427 entries in 155 pages
[    0.004000] Hierarchical RCU implementation.
[    0.004000] 	RCU restricting CPUs from NR_CPUS=8192 to nr_cpu_ids=2.
[    0.004000] 	Tasks RCU enabled.
[    0.004000] RCU: Adjusting geometry for rcu_fanout_leaf=16, nr_cpu_ids=2
[    0.004000] NR_IRQS: 524544, nr_irqs: 440, preallocated irqs: 16
[    0.004000] Console: colour VGA+ 80x25
[    0.004000] console [tty1] enabled
[    0.004000] console [ttyS0] enabled
[    0.004000] ACPI: Core revision 20170831
[    0.004000] ACPI: 2 ACPI AML tables successfully acquired and loaded
[    0.004000] APIC: Switch to symmetric I/O mode setup
[    0.004000] x2apic enabled
[    0.004000] Switched APIC routing to physical x2apic.
[    0.004000] ..TIMER: vector=0x30 apic1=0 pin1=2 apic2=-1 pin2=-1
[    0.004006] tsc: Detected 1696.077 MHz processor
[    0.005161] Calibrating delay loop (skipped) preset value.. 3392.15 BogoMIPS (lpj=6784308)
[    0.008003] pid_max: default: 32768 minimum: 301
[    0.009200] Security Framework initialized
[    0.010252] Yama: becoming mindful.
[    0.012037] AppArmor: AppArmor initialized
[    0.016000] Dentry cache hash table entries: 131072 (order: 8, 1048576 bytes)
[    0.016077] Inode-cache hash table entries: 65536 (order: 7, 524288 bytes)
[    0.020018] Mount-cache hash table entries: 2048 (order: 2, 16384 bytes)
[    0.021410] Mountpoint-cache hash table entries: 2048 (order: 2, 16384 bytes)
[    0.023132] Last level iTLB entries: 4KB 1024, 2MB 1024, 4MB 1024
[    0.024003] Last level dTLB entries: 4KB 1024, 2MB 1024, 4MB 1024, 1GB 4
[    0.025379] Spectre V1 : Mitigation: usercopy/swapgs barriers and __user pointer sanitization
[    0.028003] Spectre V2 : Mitigation: Full generic retpoline
[    0.029363] Spectre V2 : Spectre v2 / SpectreRSB mitigation: Filling RSB on context switch
[    0.031292] Speculative Store Bypass: Vulnerable
[    0.032033] SRBDS: Unknown: Dependent on hypervisor status
[    0.033220] MDS: Vulnerable: Clear CPU buffers attempted, no microcode
[    0.034809] Freeing SMP alternatives memory: 36K
[    0.145833] smpboot: CPU0: Intel(R) Core(TM) i5-4210U CPU @ 1.70GHz (family: 0x6, model: 0x45, stepping: 0x1)
[    0.148096] Performance Events: unsupported p6 CPU model 69 no PMU driver, software events only.
[    0.149730] Hierarchical SRCU implementation.
[    0.152703] NMI watchdog: Perf event create on CPU 0 failed with -2
[    0.153805] NMI watchdog: Perf NMI watchdog permanently disabled
[    0.156059] smp: Bringing up secondary CPUs ...
[    0.157065] x86: Booting SMP configuration:
[    0.157886] .... node  #0, CPUs:      #1
[    0.004000] kvm-clock: cpu 1, msr 0:3ff44041, secondary cpu clock
[    0.163463] smp: Brought up 1 node, 2 CPUs
[    0.164006] smpboot: Max logical packages: 1
[    0.164796] smpboot: Total of 2 processors activated (6784.30 BogoMIPS)
[    0.168132] devtmpfs: initialized
[    0.172061] x86/mm: Memory block size: 128MB
[    0.173012] evm: security.selinux
[    0.173671] evm: security.SMACK64
[    0.174308] evm: security.SMACK64EXEC
[    0.174998] evm: security.SMACK64TRANSMUTE
[    0.176006] evm: security.SMACK64MMAP
[    0.176811] evm: security.apparmor
[    0.177496] evm: security.ima
[    0.180003] evm: security.capability
[    0.180741] clocksource: jiffies: mask: 0xffffffff max_cycles: 0xffffffff, max_idle_ns: 7645041785100000 ns
[    0.181708] futex hash table entries: 512 (order: 3, 32768 bytes)
[    0.188026] pinctrl core: initialized pinctrl subsystem
[    0.192140] RTC time:  1:32:16, date: 03/10/21
[    0.193566] NET: Registered protocol family 16
[    0.196090] audit: initializing netlink subsys (disabled)
[    0.197366] audit: type=2000 audit(1615339944.320:1): state=initialized audit_enabled=0 res=1
[    0.197908] cpuidle: using governor ladder
[    0.200016] cpuidle: using governor menu
[    0.200961] ACPI: bus type PCI registered
[    0.201866] acpiphp: ACPI Hot Plug PCI Controller Driver version: 0.5
[    0.203355] PCI: Using configuration type 1 for base access
[    0.205188] HugeTLB registered 2.00 MiB page size, pre-allocated 0 pages
[    0.208110] ACPI: Added _OSI(Module Device)
[    0.209091] ACPI: Added _OSI(Processor Device)
[    0.212005] ACPI: Added _OSI(3.0 _SCP Extensions)
[    0.216005] ACPI: Added _OSI(Processor Aggregator Device)
[    0.220007] ACPI: Added _OSI(Linux-Dell-Video)
[    0.220976] ACPI: Added _OSI(Linux-Lenovo-NV-HDMI-Audio)
[    0.222161] ACPI: Added _OSI(Linux-HPI-Hybrid-Graphics)
[    0.224305] ACPI: Executed 1 blocks of module-level executable AML code
[    0.234911] ACPI: Interpreter enabled
[    0.236018] ACPI: (supports S0 S5)
[    0.236835] ACPI: Using IOAPIC for interrupt routing
[    0.238247] PCI: Using host bridge windows from ACPI; if necessary, use "pci=nocrs" and report a bug
[    0.240205] ACPI: Enabled 2 GPEs in block 00 to 07
[    0.248645] ACPI: PCI Root Bridge [PCI0] (domain 0000 [bus 00-ff])
[    0.250006] acpi PNP0A03:00: _OSC: OS supports [ASPM ClockPM Segments MSI]
[    0.251544] acpi PNP0A03:00: _OSC: not requesting OS control; OS requires [ExtendedConfig ASPM ClockPM MSI]
[    0.252017] acpi PNP0A03:00: fail to add MMCONFIG information, can't access extended PCI configuration space under this bridge.
[    0.256430] PCI host bridge to bus 0000:00
[    0.257376] pci_bus 0000:00: root bus resource [io  0x0000-0x0cf7 window]
[    0.258936] pci_bus 0000:00: root bus resource [io  0x0d00-0xffff window]
[    0.260005] pci_bus 0000:00: root bus resource [mem 0x000a0000-0x000bffff window]
[    0.261690] pci_bus 0000:00: root bus resource [mem 0x40000000-0xfdffffff window]
[    0.264005] pci_bus 0000:00: root bus resource [bus 00-ff]
[    0.267371] pci 0000:00:01.1: legacy IDE quirk: reg 0x10: [io  0x01f0-0x01f7]
[    0.268004] pci 0000:00:01.1: legacy IDE quirk: reg 0x14: [io  0x03f6]
[    0.269418] pci 0000:00:01.1: legacy IDE quirk: reg 0x18: [io  0x0170-0x0177]
[    0.272004] pci 0000:00:01.1: legacy IDE quirk: reg 0x1c: [io  0x0376]
[    0.300508] pci 0000:00:07.0: quirk: [io  0x4000-0x403f] claimed by PIIX4 ACPI
[    0.302237] pci 0000:00:07.0: quirk: [io  0x4100-0x410f] claimed by PIIX4 SMB
[    0.321061] ACPI: PCI Interrupt Link [LNKA] (IRQs 5 9 10 *11)
[    0.322832] ACPI: PCI Interrupt Link [LNKB] (IRQs 5 9 *10 11)
[    0.324288] ACPI: PCI Interrupt Link [LNKC] (IRQs 5 *9 10 11)
[    0.328257] ACPI: PCI Interrupt Link [LNKD] (IRQs 5 9 10 *11)
[    0.330297] SCSI subsystem initialized
[    0.332065] pci 0000:00:02.0: vgaarb: setting as boot VGA device
[    0.333387] pci 0000:00:02.0: vgaarb: VGA device added: decodes=io+mem,owns=io+mem,locks=none
[    0.336011] pci 0000:00:02.0: vgaarb: bridge control possible
[    0.337256] vgaarb: loaded
[    0.337993] ACPI: bus type USB registered
[    0.338963] usbcore: registered new interface driver usbfs
[    0.340018] usbcore: registered new interface driver hub
[    0.341389] usbcore: registered new device driver usb
[    0.342849] EDAC MC: Ver: 3.0.0
[    0.344281] PCI: Using ACPI for IRQ routing
[    0.345313] NetLabel: Initializing
[    0.346139] NetLabel:  domain hash size = 128
[    0.347142] NetLabel:  protocols = UNLABELED CIPSOv4 CALIPSO
[    0.348024] NetLabel:  unlabeled traffic allowed by default
[    0.349279] clocksource: Switched to clocksource kvm-clock
[    0.445265] VFS: Disk quotas dquot_6.6.0
[    0.446238] VFS: Dquot-cache hash table entries: 512 (order 0, 4096 bytes)
[    0.447790] AppArmor: AppArmor Filesystem Enabled
[    0.449131] pnp: PnP ACPI init
[    0.451890] pnp: PnP ACPI: found 3 devices
[    0.463235] clocksource: acpi_pm: mask: 0xffffff max_cycles: 0xffffff, max_idle_ns: 2085701024 ns
[    0.465322] NET: Registered protocol family 2
[    0.466455] TCP established hash table entries: 8192 (order: 4, 65536 bytes)
[    0.468154] TCP bind hash table entries: 8192 (order: 5, 131072 bytes)
[    0.503354] TCP: Hash tables configured (established 8192 bind 8192)
[    0.504826] UDP hash table entries: 512 (order: 2, 16384 bytes)
[    0.506073] UDP-Lite hash table entries: 512 (order: 2, 16384 bytes)
[    0.507731] NET: Registered protocol family 1
[    0.508594] pci 0000:00:00.0: Limiting direct PCI/PCI transfers
[    0.509770] pci 0000:00:01.0: Activating ISA DMA hang workarounds
[    0.511088] pci 0000:00:02.0: Video device with shadowed ROM at [mem 0x000c0000-0x000dffff]
[    0.512985] Unpacking initramfs...
[    1.701636] Freeing initrd memory: 19224K
[    1.702708] clocksource: tsc: mask: 0xffffffffffffffff max_cycles: 0x1872ad6a0e0, max_idle_ns: 440795244527 ns
[    1.704986] platform rtc_cmos: registered platform RTC device (no PNP device found)
[    1.706716] Scanning for low memory corruption every 60 seconds
[    1.708712] Initialise system trusted keyrings
[    1.709745] Key type blacklist registered
[    1.710751] workingset: timestamp_bits=36 max_order=18 bucket_order=0
[    1.713295] zbud: loaded
[    1.714509] squashfs: version 4.0 (2009/01/31) Phillip Lougher
[    1.715970] fuse init (API version 7.26)
[    1.720184] Key type asymmetric registered
[    1.721132] Asymmetric key parser 'x509' registered
[    1.722359] Block layer SCSI generic (bsg) driver version 0.4 loaded (major 246)
[    1.724149] io scheduler noop registered
[    1.725077] io scheduler deadline registered
[    1.726118] io scheduler cfq registered (default)
[    1.727488] ACPI: AC Adapter [AC] (on-line)
[    1.728703] input: Power Button as /devices/LNXSYSTM:00/LNXPWRBN:00/input/input0
[    1.730431] ACPI: Power Button [PWRF]
[    1.731345] input: Sleep Button as /devices/LNXSYSTM:00/LNXSLPBN:00/input/input1
[    1.733068] ACPI: Sleep Button [SLPF]
[    1.734292] Serial: 8250/16550 driver, 32 ports, IRQ sharing enabled
[    1.735521] ACPI: Battery Slot [BAT0] (battery present)
[    1.759504] 00:02: ttyS0 at I/O 0x3f8 (irq = 4, base_baud = 115200) is a 16550A
[    1.762598] Linux agpgart interface v0.103
[    1.764721] loop: module loaded
[    1.766150] scsi host0: ata_piix
[    1.767061] scsi host1: ata_piix
[    1.767850] ata1: PATA max UDMA/33 cmd 0x1f0 ctl 0x3f6 bmdma 0xd000 irq 14
[    1.769503] ata2: PATA max UDMA/33 cmd 0x170 ctl 0x376 bmdma 0xd008 irq 15
[    1.771778] libphy: Fixed MDIO Bus: probed
[    1.772907] tun: Universal TUN/TAP device driver, 1.6
[    1.774224] PPP generic driver version 2.4.2
[    1.775323] ehci_hcd: USB 2.0 'Enhanced' Host Controller (EHCI) Driver
[    1.776713] ehci-pci: EHCI PCI platform driver
[    1.777661] ehci-platform: EHCI generic platform driver
[    1.778809] ohci_hcd: USB 1.1 'Open' Host Controller (OHCI) Driver
[    1.780090] ohci-pci: OHCI PCI platform driver
[    1.781106] ohci-platform: OHCI generic platform driver
[    1.782224] uhci_hcd: USB Universal Host Controller Interface driver
[    1.783597] i8042: PNP: PS/2 Controller [PNP0303:PS2K,PNP0f03:PS2M] at 0x60,0x64 irq 1,12
[    1.786121] serio: i8042 KBD port at 0x60,0x64 irq 1
[    1.787247] serio: i8042 AUX port at 0x60,0x64 irq 12
[    1.788525] mousedev: PS/2 mouse device common for all mice
[    1.790636] input: AT Translated Set 2 keyboard as /devices/platform/i8042/serio0/input/input2
[    1.792928] rtc_cmos rtc_cmos: rtc core: registered rtc_cmos as rtc0
[    1.794292] rtc_cmos rtc_cmos: alarms up to one day, 114 bytes nvram
[    1.795615] i2c /dev entries driver
[    1.796479] device-mapper: uevent: version 1.0.3
[    1.797599] device-mapper: ioctl: 4.37.0-ioctl (2017-09-20) initialised: dm-devel@redhat.com
[    1.799297] ledtrig-cpu: registered to indicate activity on CPUs
[    1.801110] NET: Registered protocol family 10
[    1.806297] Segment Routing with IPv6
[    1.807194] NET: Registered protocol family 17
[    1.808315] Key type dns_resolver registered
[    1.809488] mce: Using 0 MCE banks
[    1.810274] RAS: Correctable Errors collector initialized.
[    1.811443] sched_clock: Marking stable (1809461407, 0)->(2308306163, -498844756)
[    1.813581] registered taskstats version 1
[    1.814500] Loading compiled-in X.509 certificates
[    1.825871] Loaded X.509 cert 'Build time autogenerated kernel key: c356b48d5f070be9e15fb09bbd57426939f0386e'
[    1.828413] zswap: loaded using pool lzo/zbud
[    1.833820] Key type big_key registered
[    1.834815] Key type trusted registered
[    1.838057] Key type encrypted registered
[    1.839090] AppArmor: AppArmor sha1 policy hashing enabled
[    1.840477] ima: No TPM chip found, activating TPM-bypass! (rc=-19)
[    1.842016] ima: Allocated hash algorithm: sha1
[    1.843151] evm: HMAC attrs: 0x1
[    1.844254]   Magic number: 13:312:508
[    1.845283] pci 0000:00:01.0: hash matches
[    1.846342] rtc_cmos rtc_cmos: setting system clock to 2021-03-10 01:32:18 UTC (1615339938)
[    1.848695] BIOS EDD facility v0.16 2004-Jun-25, 0 devices found
[    1.850194] EDD information not available.
[    1.931029] Freeing unused kernel image memory: 2440K
[    1.944821] Write protecting the kernel read-only data: 20480k
[    1.946755] Freeing unused kernel image memory: 2008K
[    1.948171] Freeing unused kernel image memory: 1868K
[    1.956929] x86/mm: Checked W+X mappings: passed, no W+X pages found.
[    1.958312] x86/mm: Checking user space page tables
[    1.966933] x86/mm: Checked W+X mappings: passed, no W+X pages found.
Loading, please wait...
starting version 237
[    2.107388] e1000: Intel(R) PRO/1000 Network Driver - version 7.3.21-k8-NAPI
[    2.109022] e1000: Copyright (c) 1999-2006 Intel Corporation.
[    2.116488] Fusion MPT base driver 3.04.20
[    2.117620] Copyright (c) 1999-2008 LSI Corporation
[    2.139275] AVX2 version of gcm_enc/dec engaged.
[    2.140434] AES CTR mode by8 optimization enabled
[    2.149440] Fusion MPT SPI Host driver 3.04.20
[    2.358162] input: ImExPS/2 Generic Explorer Mouse as /devices/platform/i8042/serio1/input/input4
[    2.522619] e1000 0000:00:03.0 eth0: (PCI:33MHz:32-bit) 02:dd:e5:eb:6c:77
[    2.523916] e1000 0000:00:03.0 eth0: Intel(R) PRO/1000 Network Connection
[    2.526264] mptbase: ioc0: Initiating bringup
[    2.757602] ioc0: LSI53C1030 A0: Capabilities={Initiator}
[    4.092973] scsi host2: ioc0: LSI53C1030 A0, FwRev=00000000h, Ports=1, MaxQ=256, IRQ=20
[    4.545027] scsi 2:0:0:0: Direct-Access     VBOX     HARDDISK         1.0  PQ: 0 ANSI: 5
[    4.576756] scsi target2:0:0: Beginning Domain Validation
[    4.580131] scsi target2:0:0: Domain Validation skipping write tests
[    4.581846] scsi target2:0:0: Ending Domain Validation
[    4.583281] scsi target2:0:0: asynchronous
[    4.584935] scsi 2:0:1:0: Direct-Access     VBOX     HARDDISK         1.0  PQ: 0 ANSI: 5
[    4.836022] scsi target2:0:1: Beginning Domain Validation
[    4.838480] random: fast init done
[    4.841518] scsi target2:0:1: Domain Validation skipping write tests
[    4.842945] scsi target2:0:1: Ending Domain Validation
[    4.849551] scsi target2:0:1: asynchronous
[    4.855479] random: systemd-udevd: uninitialized urandom read (16 bytes read)
[    4.857413] random: systemd-udevd: uninitialized urandom read (16 bytes read)
[    4.859244] random: systemd-udevd: uninitialized urandom read (16 bytes read)
[    4.861368] sd 2:0:0:0: Attached scsi generic sg0 type 0
[    4.862935] sd 2:0:0:0: [sda] 83886080 512-byte logical blocks: (42.9 GB/40.0 GiB)
[    4.865075] sd 2:0:0:0: [sda] Write Protect is off
[    4.866475] sd 2:0:0:0: [sda] Incomplete mode parameter data
[    4.867850] sd 2:0:0:0: [sda] Assuming drive cache: write through
[    4.869540] sd 2:0:1:0: Attached scsi generic sg1 type 0
[    4.871002] sd 2:0:1:0: [sdb] 20480 512-byte logical blocks: (10.5 MB/10.0 MiB)
[    4.872881] sd 2:0:1:0: [sdb] Write Protect is off
[    4.886169] sd 2:0:1:0: [sdb] Incomplete mode parameter data
[    4.887443] sd 2:0:1:0: [sdb] Assuming drive cache: write through
[    4.906995]  sda: sda1
[    4.908544] sd 2:0:0:0: [sda] Attached SCSI disk
[    4.940522] sd 2:0:1:0: [sdb] Attached SCSI disk
[    4.952981] e1000 0000:00:08.0 eth1: (PCI:33MHz:32-bit) 08:00:27:d9:96:56
[    4.954332] e1000 0000:00:08.0 eth1: Intel(R) PRO/1000 Network Connection
[    4.958533] e1000 0000:00:08.0 enp0s8: renamed from eth1
[    4.977168] e1000 0000:00:03.0 enp0s3: renamed from eth0
Begin: Loading essential drivers ... [    6.620014] raid6: sse2x1   gen()  6745 MB/s
[    6.668843] raid6: sse2x1   xor()  4130 MB/s
[    6.716773] raid6: sse2x2   gen()  8627 MB/s
[    6.764631] raid6: sse2x2   xor()  4614 MB/s
[    6.812566] raid6: sse2x4   gen()  9913 MB/s
[    6.864360] raid6: sse2x4   xor()  6548 MB/s
[    6.912270] raid6: avx2x1   gen() 11978 MB/s
[    6.961145] raid6: avx2x1   xor()  8553 MB/s
[    7.008064] raid6: avx2x2   gen() 15771 MB/s
[    7.056036] raid6: avx2x2   xor()  8931 MB/s
[    7.104572] raid6: avx2x4   gen() 16714 MB/s
[    7.152751] raid6: avx2x4   xor()  9580 MB/s
[    7.153924] raid6: using algorithm avx2x4 gen() 16714 MB/s
[    7.155170] raid6: .... xor() 9580 MB/s, rmw enabled
[    7.156337] raid6: using avx2x2 recovery algorithm
[    7.159127] xor: automatically using best checksumming function   avx       
[    7.162348] async_tx: api initialized (async)
done.
Begin: Running /scripts/init-premount ... done.
Begin: Mounting root file system ... Begin: Running /scripts/local-top ... done.
Begin: Running /scripts/local-premount ... [    7.220195] Btrfs loaded, crc32c=crc32c-intel
Scanning for Btrfs filesystems
done.
Warning: fsck not present, so skipping root file system
[    7.427281] EXT4-fs (sda1): mounted filesystem with ordered data mode. Opts: (null)
done.
Begin: Running /scripts/local-bottom ... done.
Begin: Running /scripts/init-bottom ... done.
[    8.851522] random: crng init done
[    8.877526] random: 7 urandom warning(s) missed due to ratelimiting
[    9.495961] ip_tables: (C) 2000-2006 Netfilter Core Team
[    9.680577] systemd[1]: systemd 237 running in system mode. (+PAM +AUDIT +SELINUX +IMA +APPARMOR +SMACK +SYSVINIT +UTMP +LIBCRYPTSETUP +GCRYPT +GNUTLS +ACL +XZ +LZ4 +SECCOMP +BLKID +ELFUTILS +KMOD -IDN2 +IDN -PCRE2 default-hierarchy=hybrid)
[    9.685088] systemd[1]: Detected virtualization oracle.
[    9.686319] systemd[1]: Detected architecture x86-64.

Welcome to [1mUbuntu 18.04.5 LTS[0m!

[    9.732324] systemd[1]: Set hostname to <ubuntu>.
[    9.859845] systemd[1]: Initializing machine ID from random generator.
[    9.889871] systemd[1]: Installed transient /etc/machine-id file.
[   12.169933] systemd[1]: Created slice User and Session Slice.
[[0;32m  OK  [0m] Created slice User and Session Slice.
[   12.232254] systemd[1]: Reached target System Time Synchronized.
[[0;32m  OK  [0m] Reached target System Time Synchronized.
[   12.253952] systemd[1]: Reached target User and Group Name Lookups.
[[0;32m  OK  [0m] Reached target User and Group Name Lookups.
[   12.257309] systemd[1]: Reached target Swap.
[[0;32m  OK  [0m] Reached target Swap.
[[0;32m  OK  [0m] Set up automount Arbitrary Executab…rmats File System Automount Point.
[[0;32m  OK  [0m] Started Forward Password Requests to Wall Directory Watch.
[[0;32m  OK  [0m] Created slice System Slice.
[[0;32m  OK  [0m] Listening on Journal Socket (/dev/log).
[[0;32m  OK  [0m] Created slice system-serial\x2dgetty.slice.
[[0;32m  OK  [0m] Listening on Syslog Socket.
[[0;32m  OK  [0m] Listening on Network Service Netlink Socket.
[[0;32m  OK  [0m] Listening on LVM2 poll daemon socket.
[[0;32m  OK  [0m] Listening on Journal Audit Socket.
[[0;32m  OK  [0m] Listening on udev Control Socket.
[[0;32m  OK  [0m] Listening on fsck to fsckd communication Socket.
[[0;32m  OK  [0m] Listening on Journal Socket.
         Starting Uncomplicated firewall...
         Starting Load Kernel Modules...
         Starting Journal Service...
         Starting File System Check on Root Device...
         Mounting POSIX Message Queue File System...
[[0;32m  OK  [0m] Reached target Slices.
         Mounting Huge Pages File System...
         Starting Set the console keyboard layout...
[[0;32m  OK  [0m] Listening on /dev/initctl Compatibility Named Pipe.
[[0;32m  OK  [0m] Listening on LVM2 metadata daemon socket.
         Mounting Kernel Debug File System...
[[0;32m  OK  [0m] Listening on udev Kernel Socket.
         Starting udev Coldplug all Devices...
         Starting Create list of required st…ce nodes for the current kernel...
[[0;32m  OK  [0m] Listening on Device-mapper event daemon FIFOs.
         Starting Monitoring of LVM2 mirrors…ng dmeventd or progress polling...
[[0;32m  OK  [0m] Started Journal Service.
[[0;32m  OK  [0m] Started Uncomplicated firewall.
[[0;32m  OK  [0m] Started File System Check Daemon to report status.
[[0;32m  OK  [0m] Mounted POSIX Message Queue File System.
[[0;32m  OK  [0m] Mounted Huge Pages File System.
[[0;32m  OK  [0m] Mounted Kernel Debug File System.
[[0;32m  OK  [0m] Started Create list of required sta…vice nodes for the current kernel.
         Starting Create Static Device Nodes in /dev...
[[0;32m  OK  [0m] Started udev Coldplug all Devices.
[   13.146841] Loading iSCSI transport class v2.0-870.
[[0;32m  OK  [0m] Started File System Check on Root Device.
         Starting Remount Root and Kernel File Systems...
[   13.488961] iscsi: registered transport (tcp)
[[0;32m  OK  [0m] Started Set the console keyboard layout.
[   14.058762] EXT4-fs (sda1): re-mounted. Opts: (null)
[[0;32m  OK  [0m] Started Remount Root and Kernel File Systems.
[   14.072682] iscsi: registered transport (iser)
         Starting Load/Save Random Seed...
         Starting Flush Journal to Persistent Storage...
[[0;32m  OK  [0m] Started Load Kernel Modules.
[[0;32m  OK  [0m] Started Load/Save Random Seed.
[[0;32m  OK  [0m] Started LVM2 metadata daemon.
         Starting Apply Kernel Variables...
         Mounting Kernel Configuration File System...
         Mounting FUSE Control File System...
[[0;32m  OK  [0m] Mounted Kernel Configuration File System.
[[0;32m  OK  [0m] Mounted FUSE Control File System.
[   14.622015] systemd-journald[396]: Received request to flush runtime journal from PID 1
[[0;32m  OK  [0m] Started Create Static Device Nodes in /dev.
         Starting udev Kernel Device Manager...
[[0;32m  OK  [0m] Started Monitoring of LVM2 mirrors,…sing dmeventd or progress polling.
[[0;32m  OK  [0m] Reached target Local File Systems (Pre).
[[0;32m  OK  [0m] Reached target Local File Systems.
         Starting ebtables ruleset management...
         Starting Tell Plymouth To Write Out Runtime Data...
         Starting AppArmor initialization...
         Starting Set console font and keymap...
         Starting Commit a transient machine-id on disk...
[[0;32m  OK  [0m] Started Apply Kernel Variables.
[[0;32m  OK  [0m] Started Tell Plymouth To Write Out Runtime Data.
[[0;32m  OK  [0m] Started Flush Journal to Persistent Storage.
         Starting Create Volatile Files and Directories...
[[0;32m  OK  [0m] Started Set console font and keymap.
[[0;32m  OK  [0m] Started Commit a transient machine-id on disk.
[[0;32m  OK  [0m] Started udev Kernel Device Manager.
[[0;32m  OK  [0m] Started Dispatch Password Requests to Console Directory Watch.
[[0;32m  OK  [0m] Reached target Local Encrypted Volumes.
[[0;32m  OK  [0m] Started Create Volatile Files and Directories.
         Starting Update UTMP about System Boot/Shutdown...
[[0;32m  OK  [0m] Started Update UTMP about System Boot/Shutdown.
[[0;32m  OK  [0m] Started ebtables ruleset management.
[[0;32m  OK  [0m] Found device /dev/ttyS0.
[[0;32m  OK  [0m] Listening on Load/Save RF Kill Switch Status /dev/rfkill Watch.
[[0;32m  OK  [0m] Started AppArmor initialization.
         Starting Load AppArmor profiles managed internally by snapd...
         Starting Initial cloud-init job (pre-networking)...
[[0;32m  OK  [0m] Started Load AppArmor profiles managed internally by snapd.
[   26.034704] cloud-init[539]: Cloud-init v. 20.4.1-0ubuntu1~18.04.1 running 'init-local' at Wed, 10 Mar 2021 01:32:41 +0000. Up 24.99 seconds.
[[0;32m  OK  [0m] Started Initial cloud-init job (pre-networking).
[[0;32m  OK  [0m] Reached target Network (Pre).
         Starting Network Service...
[[0;32m  OK  [0m] Started Network Service.
         Starting Wait for Network to be Configured...
         Starting Network Name Resolution...
[[0;32m  OK  [0m] Started Network Name Resolution.
[[0;32m  OK  [0m] Reached target Network.
[[0;32m  OK  [0m] Reached target Host and Network Name Lookups.
[[0;32m  OK  [0m] Started Wait for Network to be Configured.
         Starting Initial cloud-init job (metadata service crawler)...
[   28.968004] cloud-init[670]: Cloud-init v. 20.4.1-0ubuntu1~18.04.1 running 'init' at Wed, 10 Mar 2021 01:32:45 +0000. Up 28.65 seconds.
[   28.977042] cloud-init[670]: ci-info: ++++++++++++++++++++++++++++++++++++++Net device info+++++++++++++++++++++++++++++++++++++++
[   28.991268] cloud-init[670]: ci-info: +--------+-------+----------------------------+---------------+--------+-------------------+
[   28.994221] cloud-init[670]: ci-info: | Device |   Up  |          Address           |      Mask     | Scope  |     Hw-Address    |
[   29.000829] cloud-init[670]: ci-info: +--------+-------+----------------------------+---------------+--------+-------------------+
[   29.016707] cloud-init[670]: ci-info: | enp0s3 |  True |         10.0.2.15          | 255.255.255.0 | global | 02:dd:e5:eb:6c:77 |
[   29.019429] cloud-init[670]: ci-info: | enp0s3 |  True | fe80::dd:e5ff:feeb:6c77/64 |       .       |  link  | 02:dd:e5:eb:6c:77 |
[   29.022256] cloud-init[670]: ci-info: | enp0s8 | False |             .              |       .       |   .    | 08:00:27:d9:96:56 |
[   29.025151] cloud-init[670]: ci-info: |   lo   |  True |         127.0.0.1          |   255.0.0.0   |  host  |         .         |
[   29.028027] cloud-init[670]: ci-info: |   lo   |  True |          ::1/128           |       .       |  host  |         .         |
[   29.030746] cloud-init[670]: ci-info: +--------+-------+----------------------------+---------------+--------+-------------------+
[   29.033264] cloud-init[670]: ci-info: ++++++++++++++++++++++++++++Route IPv4 info+++++++++++++++++++++++++++++
[   29.035835] cloud-init[670]: ci-info: +-------+-------------+----------+-----------------+-----------+-------+
[   29.037718] cloud-init[670]: ci-info: | Route | Destination | Gateway  |     Genmask     | Interface | Flags |
[   29.039690] cloud-init[670]: ci-info: +-------+-------------+----------+-----------------+-----------+-------+
[   29.041606] cloud-init[670]: ci-info: |   0   |   0.0.0.0   | 10.0.2.2 |     0.0.0.0     |   enp0s3  |   UG  |
[   29.043672] cloud-init[670]: ci-info: |   1   |   10.0.2.0  | 0.0.0.0  |  255.255.255.0  |   enp0s3  |   U   |
[   29.045858] cloud-init[670]: ci-info: |   2   |   10.0.2.2  | 0.0.0.0  | 255.255.255.255 |   enp0s3  |   UH  |
[   29.047997] cloud-init[670]: ci-info: +-------+-------------+----------+-----------------+-----------+-------+
[   29.050383] cloud-init[670]: ci-info: +++++++++++++++++++Route IPv6 info+++++++++++++++++++
[   29.052572] cloud-init[670]: ci-info: +-------+-------------+---------+-----------+-------+
[   29.054816] cloud-init[670]: ci-info: | Route | Destination | Gateway | Interface | Flags |
[   29.057210] cloud-init[670]: ci-info: +-------+-------------+---------+-----------+-------+
[   29.072908] cloud-init[670]: ci-info: |   1   |  fe80::/64  |    ::   |   enp0s3  |   U   |
[   29.091600] cloud-init[670]: ci-info: |   3   |    local    |    ::   |   enp0s3  |   U   |
[   29.093862] cloud-init[670]: ci-info: |   4   |   ff00::/8  |    ::   |   enp0s3  |   U   |
[   29.095881] cloud-init[670]: ci-info: +-------+-------------+---------+-----------+-------+
[   31.886641] cloud-init[670]: Generating public/private rsa key pair.
[   31.888734] cloud-init[670]: Your identification has been saved in /etc/ssh/ssh_host_rsa_key.
[   31.890990] cloud-init[670]: Your public key has been saved in /etc/ssh/ssh_host_rsa_key.pub.
[   31.893431] cloud-init[670]: The key fingerprint is:
[   31.895194] cloud-init[670]: SHA256:ENJ+ZEK3ECIiPioENx1dCox4uys1RQAuTgjNBi96Qm4 root@ubuntu-bionic
[   31.897653] cloud-init[670]: The key's randomart image is:
[   31.899515] cloud-init[670]: +---[RSA 2048]----+
[   31.901218] cloud-init[670]: |B*=====oo        |
[   31.902914] cloud-init[670]: |O+*o+++=o.       |
[   31.905245] cloud-init[670]: |+X.o .o+.        |
[   31.906880] cloud-init[670]: |X.o . ...        |
[   31.929153] cloud-init[670]: |=E.o   .S        |
[   31.964412] cloud-init[670]: |oo+              |
[   31.966177] cloud-init[670]: | . o             |
[   31.967850] cloud-init[670]: |. .              |
[[0;32m  OK  [0m] Started Initial cloud-init job (metadata service crawler).
[[0;32m  OK  [0m] Reached target Cloud-config availability.
[   31.971743] [[0;32m  OK  [0m] Reached target System Initialization.
cloud-init[670]: | .               |
[   31.975871] cloud-init[670]: +----[SHA256]-----+
[   31.977612] cloud-init[670]: Generating public/private dsa key pair.
[   31.979448] cloud-init[670]: Your identification has been saved in /etc/ssh/ssh_host_dsa_key.
[   31.981715] cloud-init[670]: Your public key has been saved in /etc/ssh/ssh_host_dsa_key.pub.
[   31.983939] cloud-init[670]: The key fingerprint is:
[   31.985625] cloud-init[670]: SHA256:pzA4mTvAMwzj0h53VbpUVlqNGNrKHu1G22MVwGPPVsc root@ubuntu-bionic
[[0;32m  OK  [0m] Started ACPI Events Check.
[[0;32m  OK  [0m] Listening on ACPID Listen Socket.
[[0;32m  OK  [0m] Started Daily Cleanup of Temporary Directories.
[   32.001276] cloud-init[670]: The key's randomart image is:
[   32.005392] cloud-init[670]: +---[DSA 1024]----+
[   32.006718] cloud-init[670]: |          ==+o . |
[   32.008364] cloud-init[670]: |         B.o=.. E|
[   32.009883] cloud-init[670]: |o       = o. +...|
[   32.011476] cloud-init[670]: |.*   + + +    +. |
[   32.013129] cloud-init[670]: |..O * + S +  ..  |
[   32.014690] cloud-init[670]: |.. * + + * o .   |
[   32.016231] cloud-init[670]: |  . o   o + +    |
[   32.017790] cloud-init[670]: |     .   . . .   |
         Starting LXD - unix socket.
[[0;32m  OK  [0m] Reached target Paths.
         Starting Socket activation for snappy daemon.
[[0;32m  OK  [0m] Started Discard unused blocks once a week.
[   32.019818] cloud-init[[0;32m  OK  [0m] Listening on UUID daemon activation socket.
[[0;32m  OK  [0m] Listening on Open-iSCSI iscsid Socket.
[[0;32m  OK  [0m] Listening on D-Bus System Message Bus Socket.
[[0;32m  OK  [0m] Started Daily apt download activities.
[[0;32m  OK  [0m] Started Daily apt upgrade and clean activities.
[[0;32m  OK  [0m] Started Message of the Day.
[[0;32m  OK  [0m] Reached target Timers.
[[0;32m  OK  [0m] Reached target Network is Online.
[670]: |                 |
         Starting Availability of block devices...
[[0;32m  OK  [0m] Reached target Remote File Systems (Pre).
[   32.042338] [[0;32m  OK  [0m] Reached target Remote File Systems.
[[0;32m  OK  [0m] Listening on LXD - unix socket.
[[0;32m  OK  [0m] Listening on Socket activation for snappy daemon.
[[0;32m  OK  [0m] Reached target Sockets.
[[0;32m  OK  [0m] Reached target Basic System.
         Starting System Logging Service...
cloud-init[670]:          Starting Permit User Sessions...
+----[SHA256]-----+
[   32.061871] cloud-init[670]: Generating public/private ecdsa key pair.         Starting Login Service...
         Starting LSB: Record successful boot for GRUB...
         Starting Virtualbox guest utils...

[   32.081207] cloud-init[670]: Your identification has been saved in /etc/ssh/ssh_host_ecdsa_key.
[   32.084816] cloud-init[670]: Your public key has been saved in /etc/ssh/ssh_host_ecdsa_key.pub.
[   32.090570] cloud-init[670]: The key fingerprint is:
[   32.092413] cloud-init[670]: SHA256:iU1tm0bTTh+cZ464P3912XZw9svCRqsgxuM2YzeGD6U root@ubuntu-bionic
[   32.095241] cloud-init[670]: The key's randomart image is:
[   32.109346] cloud-init[670]: +---[ECDSA 256]---+
[   32.111240] cloud-init[670]: |                 |
[   32.113248] cloud-init[670]: |         . . . . |
[   32.114637] cloud-init[670]: |        . = o + o|
[   32.116282] cloud-init[670]: |       + + * o.*o|
[   32.117617] cloud-init[670]: |      . S.+ o o+=|
[   32.118894] cloud-init[670]: |      . o.   o .B|
[   32.120194] cloud-init[670]: |       E..  + o.=|
[   32.122880] cloud-init[670]: |      o*++.  *.o.|
[   32.145011] cloud-init[670]: |      o.*...o ooo|
[   32.146797] cloud-init[670]: +----[SHA256]-----+
[   32.148463] cloud-init[670]: Generating public/private ed25519 key pair.
[   32.151700] cloud-init[670]: Your identification has been saved in /etc/ssh/ssh_host_ed25519_key.
[   32.159455] cloud-init[670]: Your public key has been saved in /etc/ssh/ssh_host_ed25519_key.pub.
[   32.161817] cloud-init[670]: The key fingerprint is:
[   32.163649] cloud-init[670]: SHA256:HUNJdevfd9dyKFp4Uo7yDDe+GL6PO8ooo8n7x+0mwEQ root@ubuntu-bionic
[   32.165892] cloud-init[670]: The key's randomart image is:
[   32.167504] cloud-init[670]: +--[ED25519 256]--+
[   32.169037] cloud-init[670]: |         .oo. .  |
[   32.170498] cloud-init[670]: |   E     ..  . . |
[   32.172599] cloud-init[670]: |  .       o   .  |
[   32.174150] cloud-init[670]: |   .     . o .   |
[   32.175687] cloud-init[670]: |  o     S . . .  |
[   32.177303] cloud-init[670]: |   o       =   oo|
[   32.178759] cloud-init[670]: |    o . + * = o O|
[   32.180255] cloud-init[670]: |..o  * +.@ * . o+|
[   32.182238] cloud-init[670]: |o+o+o *o*=B.     |
[   32.183570] cloud-init[670]: +----[SHA256]-----+
[[0;32m  OK  [0m] Started Regular background program processing daemon.
         Starting Snap Daemon...
         Starting LSB: automatic crash report generation...
[[0;32m  OK  [0m] Started D-Bus System Message Bus.
[[0;32m  OK  [0m] Started Login Service.
[[0;32m  OK  [0m] Started Unattended Upgrades Shutdown.
         Starting Dispatcher daemon for systemd-networkd...
[[0;32m  OK  [0m] Started FUSE filesystem for LXC.
[[0;32m  OK  [0m] Started irqbalance daemon.
[[0;32m  OK  [0m] Started Deferred execution scheduler.
         Starting Accounts Service...
         Starting Pollinate to seed the pseudo random number generator...
         Starting LXD - container startup/shutdown...
[[0;32m  OK  [0m] Started System Logging Service.
[[0;32m  OK  [0m] Started Availability of block devices.
[[0;32m  OK  [0m] Started Permit User Sessions.
         Starting Hold until boot process finishes up...
         Starting Terminate Plymouth Boot Screen...
[[0;32m  OK  [0m] Started Hold until boot process finishes up.
         Starting Set console scheme...
[[0;32m  OK  [0m] Started Serial Getty on ttyS0.
[[0;32m  OK  [0m] Started Terminate Plymouth Boot Screen.
[[0;32m  OK  [0m] Started Set console scheme.
[[0;32m  OK  [0m] Created slice system-getty.slice.
[[0;32m  OK  [0m] Started Getty on tty1.
[[0;32m  OK  [0m] Reached target Login Prompts.
[[0;32m  OK  [0m] Started LSB: automatic crash report generation.
[[0;32m  OK  [0m] Started LSB: Record successful boot for GRUB.
         Starting Authorization Manager...
[[0;32m  OK  [0m] Started Virtualbox guest utils.
[[0;32m  OK  [0m] Started Authorization Manager.
[[0;32m  OK  [0m] Started Accounts Service.

Ubuntu 18.04.5 LTS ubuntu-bionic ttyS0

ubuntu-bionic login: [   48.905290] cloud-init[1440]: Cloud-init v. 20.4.1-0ubuntu1~18.04.1 running 'modules:config' at Wed, 10 Mar 2021 01:33:02 +0000. Up 45.81 seconds.
ci-info: no authorized SSH keys fingerprints found for user ubuntu.
<14>Mar 10 01:33:06 ec2: 
<14>Mar 10 01:33:06 ec2: #############################################################
<14>Mar 10 01:33:06 ec2: -----BEGIN SSH HOST KEY FINGERPRINTS-----
<14>Mar 10 01:33:06 ec2: 1024 SHA256:pzA4mTvAMwzj0h53VbpUVlqNGNrKHu1G22MVwGPPVsc root@ubuntu-bionic (DSA)
<14>Mar 10 01:33:06 ec2: 256 SHA256:iU1tm0bTTh+cZ464P3912XZw9svCRqsgxuM2YzeGD6U root@ubuntu-bionic (ECDSA)
<14>Mar 10 01:33:06 ec2: 256 SHA256:HUNJdevfd9dyKFp4Uo7yDDe+GL6PO8ooo8n7x+0mwEQ root@ubuntu-bionic (ED25519)
<14>Mar 10 01:33:06 ec2: 2048 SHA256:ENJ+ZEK3ECIiPioENx1dCox4uys1RQAuTgjNBi96Qm4 root@ubuntu-bionic (RSA)
<14>Mar 10 01:33:06 ec2: -----END SSH HOST KEY FINGERPRINTS-----
<14>Mar 10 01:33:06 ec2: #############################################################
-----BEGIN SSH HOST KEY KEYS-----
ecdsa-sha2-nistp256 AAAAE2VjZHNhLXNoYTItbmlzdHAyNTYAAAAIbmlzdHAyNTYAAABBBOqh7LRPqQTwgGvG1owyNl58jqV+VfoaxBc0Bwj6NszyfS2NePtVSXY59yQu8yjoQzd9D9it9EPoGdTcslWFPSc= root@ubuntu-bionic
ssh-ed25519 AAAAC3NzaC1lZDI1NTE5AAAAIIm/P4kyYhbZt+Y1EAT5Ln9K4PYxdicHj8ulzabnGe3z root@ubuntu-bionic
ssh-rsa AAAAB3NzaC1yc2EAAAADAQABAAABAQDRfjTGQdt6rLxeWHVC6WEEz5JsGnPJaZZe1Nrkzm3MtB2QLMVG4MfVaxqKAX4xV6EbGa8flQKiqjN1tJ1vLSBJ93QxDYURBX6CGnrhOB3RqgWrIW48Wo7FNkPta4teCDDOJd/hpFIksi9gP2WVoTZDS1fvZ8/TkmghMf7qNsfJNZCnkoRjXD85a8DrDekhl3JDDDLgebQmwnKl3DOFTltJwJNFu8MrIdt6EWHly0Kh/Vz9JQzjTweJZ969qNmVBCGy8bduHsBqpeBnCoVqvZyOg4y1jE7t469PWKmzu5fVAEnTVM601xhNYUccsHfR9ag2H0NyfoKFeiURMcTeK9lr root@ubuntu-bionic
-----END SSH HOST KEY KEYS-----
[   50.095093] cloud-init[1661]: Cloud-init v. 20.4.1-0ubuntu1~18.04.1 running 'modules:final' at Wed, 10 Mar 2021 01:33:06 +0000. Up 49.62 seconds.
[   50.095205] cloud-init[1661]: ci-info: no authorized SSH keys fingerprints found for user ubuntu.
[   50.095277] cloud-init[1661]: Cloud-init v. 20.4.1-0ubuntu1~18.04.1 finished at Wed, 10 Mar 2021 01:33:06 +0000. Datasource DataSourceNoCloud [seed=/dev/sdb][dsmode=net].  Up 50.08 seconds
[[0;32m  OK  [0m] Stopped target Host and Network Name Lookups.
         Stopping Availability of block devices...
[[0;32m  OK  [0m] Closed Load/Save RF Kill Switch Status /dev/rfkill Watch.
[[0;32m  OK  [0m] Stopped target Cloud-init target.
         Stopping User Manager for UID 1000...
         Unmounting /vagrant...
         Stopping Session 5 of user vagrant.
[[0;32m  OK  [0m] Stopped target Timers.
[[0;32m  OK  [0m] Stopped Daily apt upgrade and clean activities.
[[0;32m  OK  [0m] Stopped Daily Cleanup of Temporary Directories.
[[0;32m  OK  [0m] Stopped Execute cloud user/final scripts.
[[0;32m  OK  [0m] Stopped Apply         Stopping Serial Getty on ttyS0...
         Stopping Getty on tty1...
         Stopping FUSE filesystem for LXC...
         Stopping irqbalance daemon...
         Stopping D-Bus System Message Bus...
[[0;32m  OK  [0m] Stopped Wait until snapd is fully seeded.
         Stopping LSB: automatic crash report generation...
         Stopping Accounts Service...
[[0;32m  OK  [0m] Stopped Daily apt download activities.
[[0;32m  OK  [0m] Stopped Discard unused blocks once a week.
[[0;32m  OK  [0m] Stopped target System Time Synchronized.
         Stopping MySQL Community Server...
[[0;32m  OK  [0m] Stopped target Cloud-config availability.
[[0;32m  OK  [0m] Unmounted /var/lib/lxcfs.
[[0;32m  OK  [0m] Stopped System Logging Service.
[[0;32m  OK  [0m] Stopped Regular background program processing daemon.
[[0;32m  OK  [0m] Stopped Dispatcher daemon for systemd-networkd.
[[0;32m  OK  [0m] Stopped irqbalance daemon.
[[0;32m  OK  [0m] Stopped Deferred execution scheduler.
[[0;32m  OK  [0m] Stopped Accounts Service.
[[0;32m  OK  [0m] Stopped Serial Getty on ttyS0.
[[0;32m  OK  [0m] Stopped Getty on tty1.
[[0;32m  OK  [0m] Stopped Authorization Manager.
[[0;32m  OK  [0m] Stopped OpenBSD Secure Shell server.
[[0;32m  OK  [0m] Stopped User Manager for UID 1000.
[[0;32m  OK  [0m] Stopped Availability of block devices.
[[0;32m  OK  [0m] Unmounted /vagrant.
[[0;32m  OK  [0m] Stopped D-Bus System Message Bus.
[[0;32m  OK  [0m] Stopped FUSE filesystem for LXC.
[[0;32m  OK  [0m] Stopped Session 5 of user vagrant.
[[0;32m  OK  [0m] Removed slice User Slice of vagrant.
         Stopping Login Service...
[[0;32m  OK  [0m] Removed slice system-getty.slice.
[[0;32m  OK  [0m] Removed slice system-serial\x2dgetty.slice.
         Stopping Permit User Sessions...
[[0;32m  OK  [0m] Stopped LXD - container startup/shutdown.
[[0;32m  OK  [0m] Stopped Permit User Sessions.
[[0;32m  OK  [0m] Stopped LSB: Record successful boot for GRUB.
[[0;32m  OK  [0m] Stopped Login Service.
[[0;32m  OK  [0m] Stopped Virtualbox guest utils.
[[0;32m  OK  [0m] Stopped LSB: automatic crash report generation.
[[0;32m  OK  [0m] Stopped target Remote File Systems.
[[0;32m  OK  [0m] Stopped target Remote File Systems (Pre).
[[0;32m  OK  [0m] Stopped target User and Group Name Lookups.
[[0;32m  OK  [0m] Stopped MySQL Community Server.
[[0;32m  OK  [0m] Stopped target Basic System.
[[0;32m  OK  [0m] Stopped target Sockets.
[[0;32m  OK  [0m] Closed LXD - unix socket.
[[0;32m  OK  [0m] Closed Open-iSCSI iscsid Socket.
[[0;32m  OK  [0m] Closed D-Bus System Message Bus Socket.
[[0;32m  OK  [0m] Closed Syslog Socket.
[[0;32m  OK  [0m] Closed Socket activation for snappy daemon.
[[0;32m  OK  [0m] Closed UUID daemon activation socket.
[[0;32m  OK  [0m] Closed ACPID Listen Socket.
[[0;32m  OK  [0m] Stopped target Slices.
[[0;32m  OK  [0m] Removed slice User and Session Slice.
[[0;32m  OK  [0m] Stopped target Paths.
[[0;32m  OK  [0m] Stopped ACPI Events Check.
[[0;32m  OK  [0m] Stopped target System Initialization.
         Stopping Load/Save Random Seed...
[[0;32m  OK  [0m] Stopped target Local Encrypted Volumes.
[[0;32m  OK  [0m] Stopped Forward Password Requests to Wall Directory Watch.
[[0;32m  OK  [0m] Stopped Dispatch Password Requests to Console Directory Watch.
[[0;32m  OK  [0m] Stopped Initial cloud-init job (metadata service crawler).
[[0;32m  OK  [0m] Stopped Commit a transient machine-id on disk.
         Stopping Update UTMP about System Boot/Shutdown...
[[0;32m  OK  [0m] Stopped target Network.
         Stopping Network Name Resolution...
[[0;32m  OK  [0m] Stopped Load/Save Random Seed.
[[0;32m  OK  [0m] Stopped Network Name Resolution.
         Stopping Network Service...
[[0;32m  OK  [0m] Stopped Update UTMP about System Boot/Shutdown.
[[0;32m  OK  [0m] Stopped Create Volatile Files and Directories.
[[0;32m  OK  [0m] Stopped target Local File Systems.
         Unmounting /run/user/1000...
[[0;32m  OK  [0m] Unmounted /run/user/1000.
[[0;32m  OK  [0m] Reached target Unmount All Filesystems.
[[0;32m  OK  [0m] Stopped target Swap.
[[0;32m  OK  [0m] Stopped target Local File Systems (Pre).
[[0;32m  OK  [0m] Stopped Create Static Device Nodes in /dev.
         Stopping Monitoring of LVM2 mirrors…ng dmeventd or progress polling...
[[0;32m  OK  [0m] Stopped Monitoring of LVM2 mirrors,…sing dmeventd or progress polling.
         Stopping LVM2 metadata daemon...
[[0;32m  OK  [0m] Stopped LVM2 metadata daemon.
[[0;32m  OK  [0m] Stopped Network Service.
[[0;32m  OK  [0m] Stopped target Network (Pre).
[[0;32m  OK  [0m] Stopped Initial cloud-init job (pre-networking).
[[0;32m  OK  [0m] Stopped Remount Root and Kernel File Systems.
[[0;32m  OK  [0m] Stopped Apply Kernel Variables.
[[0;32m  OK  [0m] Stopped Load Kernel Modules.
[[0;32m  OK  [0m] Reached target Shutdown.
[[0;32m  OK  [0m] Reached target Final Step.
         Starting Power-Off...
[  352.571618] reboot: Power down
